<?xml version="1.0" encoding="UTF-8"?>
<!-- Generated by org.testng.reporters.JUnitXMLReporter -->
<testsuite ignored="0" hostname="DESKTOP-72J7IOT" failures="1" tests="5" name="Test" time="42.514" errors="0" timestamp="2022-10-31T21:39:12 IST">
  <testcase classname="Tast_Scenarios.Test_Facebook" name="searchOperation" time="3.768">
    <failure type="java.lang.AssertionError" message="expected [Log in to Facebook] but found [facebook - Google Search]">
      <![CDATA[java.lang.AssertionError: expected [Log in to Facebook] but found [facebook - Google Search]
at Tast_Scenarios.Test_Facebook.searchOperation(Test_Facebook.java:89)
at java.base/java.util.ArrayList.forEach(ArrayList.java:1511)
... Removed 31 stack frames]]>
    </failure>
  </testcase> <!-- searchOperation -->
  <testcase classname="Tast_Scenarios.Test_Facebook" name="VerifyandAccessFacebook" time="0.142"/>
  <testcase classname="Tast_Scenarios.Test_Facebook" name="verifylogin" time="14.27"/>
  <testcase classname="Tast_Scenarios.Test_Facebook" name="verifylogin" time="7.001"/>
  <testcase classname="Tast_Scenarios.Test_Facebook" name="verifylogin" time="6.702"/>
</testsuite> <!-- Test -->
