<?xml version="1.0" encoding="UTF-8"?>
<!-- Generated by org.testng.reporters.JUnitXMLReporter -->
<testsuite ignored="0" hostname="DESKTOP-72J7IOT" failures="1" tests="5" name="Test" time="42.959" errors="0" timestamp="2022-10-28T12:53:35 IST">
  <testcase classname="Tast_Scenarios.Test_Facebook" name="searchOperation" time="2.846">
    <failure type="java.lang.AssertionError" message="expected [Log in to Facebook] but found [facebook - Google Search]">
      <![CDATA[java.lang.AssertionError: expected [Log in to Facebook] but found [facebook - Google Search]
at Tast_Scenarios.Test_Facebook.searchOperation(Test_Facebook.java:91)
at java.base/java.util.ArrayList.forEach(ArrayList.java:1511)
... Removed 31 stack frames]]>
    </failure>
  </testcase> <!-- searchOperation -->
  <testcase classname="Tast_Scenarios.Test_Facebook" name="VerifyandAccessFacebook" time="0.923"/>
  <testcase classname="Tast_Scenarios.Test_Facebook" name="verifylogin" time="12.027"/>
  <testcase classname="Tast_Scenarios.Test_Facebook" name="verifylogin" time="7.522"/>
  <testcase classname="Tast_Scenarios.Test_Facebook" name="verifylogin" time="7.789"/>
</testsuite> <!-- Test -->
